c:\users\msh66\desktop\디아블로\작업\_오류작업\release\api_framework.ipdb
c:\users\msh66\desktop\디아블로\작업\_오류작업\release\api_framework.iobj
c:\users\msh66\desktop\디아블로\작업\_오류작업\release\api_framework.pch
c:\users\msh66\desktop\디아블로\작업\_오류작업\release\vc141.pdb
c:\users\msh66\desktop\디아블로\작업\_오류작업\release\stdafx.obj
c:\users\msh66\desktop\디아블로\작업\_오류작업\release\maingame.obj
c:\users\msh66\desktop\디아블로\작업\_오류작업\release\loading.obj
c:\users\msh66\desktop\디아블로\작업\_오류작업\release\keymanager.obj
c:\users\msh66\desktop\디아블로\작업\_오류작업\release\item.obj
c:\users\msh66\desktop\디아블로\작업\_오류작업\release\imagemanager.obj
c:\users\msh66\desktop\디아블로\작업\_오류작업\release\image.obj
c:\users\msh66\desktop\디아블로\작업\_오류작업\release\golem.obj
c:\users\msh66\desktop\디아블로\작업\_오류작업\release\gamenode.obj
c:\users\msh66\desktop\디아블로\작업\_오류작업\release\effecttest.obj
c:\users\msh66\desktop\디아블로\작업\_오류작업\release\effectmanager.obj
c:\users\msh66\desktop\디아블로\작업\_오류작업\release\effect.obj
c:\users\msh66\desktop\디아블로\작업\_오류작업\release\campscene.obj
c:\users\msh66\desktop\디아블로\작업\_오류작업\release\camera.obj
c:\users\msh66\desktop\디아블로\작업\_오류작업\release\camel.obj
c:\users\msh66\desktop\디아블로\작업\_오류작업\release\balog.obj
c:\users\msh66\desktop\디아블로\작업\_오류작업\release\animationtest.obj
c:\users\msh66\desktop\디아블로\작업\_오류작업\release\animationmanager.obj
c:\users\msh66\desktop\디아블로\작업\_오류작업\release\animation.obj
c:\users\msh66\desktop\디아블로\작업\_오류작업\release\anda.obj
c:\users\msh66\desktop\디아블로\작업\_오류작업\release\akara.obj
c:\users\msh66\desktop\디아블로\작업\_오류작업\release\winmain.obj
c:\users\msh66\desktop\디아블로\작업\_오류작업\release\utils.obj
c:\users\msh66\desktop\디아블로\작업\_오류작업\release\txtdata.obj
c:\users\msh66\desktop\디아블로\작업\_오류작업\release\townscene.obj
c:\users\msh66\desktop\디아블로\작업\_오류작업\release\timer.obj
c:\users\msh66\desktop\디아블로\작업\_오류작업\release\timemanager.obj
c:\users\msh66\desktop\디아블로\작업\_오류작업\release\soundmanager.obj
c:\users\msh66\desktop\디아블로\작업\_오류작업\release\shop.obj
c:\users\msh66\desktop\디아블로\작업\_오류작업\release\scenemanager.obj
c:\users\msh66\desktop\디아블로\작업\_오류작업\release\progressbar.obj
c:\users\msh66\desktop\디아블로\작업\_오류작업\release\playerstatus.obj
c:\users\msh66\desktop\디아블로\작업\_오류작업\release\playerskilltree.obj
c:\users\msh66\desktop\디아블로\작업\_오류작업\release\playermanager.obj
c:\users\msh66\desktop\디아블로\작업\_오류작업\release\playerinventory.obj
c:\users\msh66\desktop\디아블로\작업\_오류작업\release\player.obj
c:\users\msh66\desktop\디아블로\작업\_오류작업\release\ogre.obj
c:\users\msh66\desktop\디아블로\작업\_오류작업\release\mainscene.obj
c:\users\msh66\desktop\디아블로\작업\_오류작업\release\api_framework.exe
c:\users\msh66\desktop\디아블로\작업\_오류작업\release\api_framework.pdb
c:\users\msh66\desktop\디아블로\작업\_오류작업\release\api_framework.tlog\api_framework.write.1u.tlog
c:\users\msh66\desktop\디아블로\작업\_오류작업\release\api_framework.tlog\cl.command.1.tlog
c:\users\msh66\desktop\디아블로\작업\_오류작업\release\api_framework.tlog\cl.read.1.tlog
c:\users\msh66\desktop\디아블로\작업\_오류작업\release\api_framework.tlog\cl.write.1.tlog
c:\users\msh66\desktop\디아블로\작업\_오류작업\release\api_framework.tlog\link.command.1.tlog
c:\users\msh66\desktop\디아블로\작업\_오류작업\release\api_framework.tlog\link.read.1.tlog
c:\users\msh66\desktop\디아블로\작업\_오류작업\release\api_framework.tlog\link.write.1.tlog
